[debug] [2026-03-18T15:00:57.833Z] [Firebase Plugin] Activating Firebase extension.
[debug] [2026-03-18T15:01:12.618Z] [Firebase Plugin] requireAuthWrapper
[debug] [2026-03-18T15:01:12.670Z] > command requires scopes: ["email","openid","https://www.googleapis.com/auth/cloudplatformprojects.readonly","https://www.googleapis.com/auth/firebase","https://www.googleapis.com/auth/cloud-platform"]
[debug] [2026-03-18T15:01:12.672Z] > authorizing via signed-in user (jayjogane@gmail.com)
[debug] [2026-03-18T15:01:12.686Z] Checked if tokens are valid: false, expires at: 1722746343543
[debug] [2026-03-18T15:01:12.687Z] Checked if tokens are valid: false, expires at: 1722746343543
[debug] [2026-03-18T15:01:12.689Z] > refreshing access token with scopes: []
[debug] [2026-03-18T15:01:12.696Z] >>> [apiv2][query] POST https://www.googleapis.com/oauth2/v3/token [none]
[debug] [2026-03-18T15:01:12.697Z] >>> [apiv2][body] POST https://www.googleapis.com/oauth2/v3/token [omitted]
[debug] [2026-03-18T15:01:12.744Z] [Firebase Plugin] VSCode notification server listening on port 40001
[info] [Firebase Plugin] Starting Data Connect toolkit (version 3.2.1) on port 50001
[debug] [2026-03-18T15:01:15.248Z] 'fdc build' failed with error: Unable to build your Data Connect schema and connectors (exit code 1): E0318 20:31:15.220654   10452 cmd.go:43] Error loading data connect config: could not find dataconnect.yaml in `d:\DEV\Native\scramble\dataconnect`
 {"metadata":{"emulator":{"name":"dataconnect"},"message":"'fdc build' failed with error: Unable to build your Data Connect schema and connectors (exit code 1): E0318 20:31:15.220654   10452 cmd.go:43] Error loading data connect config: could not find dataconnect.yaml in `d:\\DEV\\Native\\scramble\\dataconnect`\n"}}
[debug] [2026-03-18T15:01:15.250Z] Ignoring unsupported arg: auto_download {"metadata":{"emulator":{"name":"dataconnect"},"message":"Ignoring unsupported arg: auto_download"}}
[debug] [2026-03-18T15:01:15.251Z] Ignoring unsupported arg: port {"metadata":{"emulator":{"name":"dataconnect"},"message":"Ignoring unsupported arg: port"}}
[debug] [2026-03-18T15:01:15.252Z] Starting Data Connect Emulator with command {"binary":"C:\\Users\\jayjo\\.cache\\firebase\\emulators\\dataconnect-emulator-3.2.1.exe","args":["--logtostderr","-v=2","dev","--listen=localhost:50001","--config_dir=d:\\DEV\\Native\\scramble\\dataconnect","--enable_output_schema_extensions=true","--enable_output_generated_sdk=true"],"optionalArgs":["listen","config_dir","enable_output_schema_extensions","enable_output_generated_sdk"],"joinArgs":true,"shell":false,"port":9399} {"metadata":{"emulator":{"name":"dataconnect"},"message":"Starting Data Connect Emulator with command {\"binary\":\"C:\\\\Users\\\\jayjo\\\\.cache\\\\firebase\\\\emulators\\\\dataconnect-emulator-3.2.1.exe\",\"args\":[\"--logtostderr\",\"-v=2\",\"dev\",\"--listen=localhost:50001\",\"--config_dir=d:\\\\DEV\\\\Native\\\\scramble\\\\dataconnect\",\"--enable_output_schema_extensions=true\",\"--enable_output_generated_sdk=true\"],\"optionalArgs\":[\"listen\",\"config_dir\",\"enable_output_schema_extensions\",\"enable_output_generated_sdk\"],\"joinArgs\":true,\"shell\":false,\"port\":9399}"}}
[info] i  dataconnect: Data Connect Emulator logging to dataconnect-debug.log {"metadata":{"emulator":{"name":"dataconnect"},"message":"Data Connect Emulator logging to \u001b[1mdataconnect-debug.log\u001b[22m"}}
[debug] [2026-03-18T15:01:15.900Z] <<< [apiv2][status] POST https://www.googleapis.com/oauth2/v3/token 400
[debug] [2026-03-18T15:01:15.902Z] <<< [apiv2][body] POST https://www.googleapis.com/oauth2/v3/token [omitted]
[debug] [2026-03-18T15:01:15.914Z] [Firebase Plugin] User found:  jayjogane@gmail.com
[info] [Firebase Plugin] (Core:Project) New user detected, fetching projects
[debug] [2026-03-18T15:01:15.933Z] Checked if tokens are valid: false, expires at: 1722746343543
[debug] [2026-03-18T15:01:15.934Z] Checked if tokens are valid: false, expires at: 1722746343543
[debug] [2026-03-18T15:01:15.935Z] > refreshing access token with scopes: []
[debug] [2026-03-18T15:01:15.941Z] >>> [apiv2][query] POST https://www.googleapis.com/oauth2/v3/token [none]
[debug] [2026-03-18T15:01:15.944Z] >>> [apiv2][body] POST https://www.googleapis.com/oauth2/v3/token [omitted]
[debug] [2026-03-18T15:01:16.208Z] <<< [apiv2][status] POST https://www.googleapis.com/oauth2/v3/token 400
[debug] [2026-03-18T15:01:16.209Z] <<< [apiv2][body] POST https://www.googleapis.com/oauth2/v3/token [omitted]
[debug] [2026-03-18T15:01:16.212Z] >>> [apiv2][query] GET https://firebase.googleapis.com/v1beta1/projects pageSize=1000
[debug] [2026-03-18T15:01:16.414Z] E0318 20:31:16.366871    8984 dev.go:83] Failed to load initial config from "d:\\DEV\\Native\\scramble\\dataconnect": could not find dataconnect.yaml in `d:\DEV\Native\scramble\dataconnect`
E0318 20:31:16.374521    8984 watch.go:116] watchAllDir unable to walk dir `d:\DEV\Native\scramble\dataconnect`: CreateFile d:\DEV\Native\scramble\dataconnect: The system cannot find the file specified.
 {"metadata":{"emulator":{"name":"dataconnect"},"message":"E0318 20:31:16.366871    8984 dev.go:83] Failed to load initial config from \"d:\\\\DEV\\\\Native\\\\scramble\\\\dataconnect\": could not find dataconnect.yaml in `d:\\DEV\\Native\\scramble\\dataconnect`\nE0318 20:31:16.374521    8984 watch.go:116] watchAllDir unable to walk dir `d:\\DEV\\Native\\scramble\\dataconnect`: CreateFile d:\\DEV\\Native\\scramble\\dataconnect: The system cannot find the file specified.\n"}}
[debug] [2026-03-18T15:01:16.539Z] I0318 20:31:16.539839    8984 dev.go:104] Listening on address (HTTP + gRPC): 127.0.0.1:50001
 {"metadata":{"emulator":{"name":"dataconnect"},"message":"I0318 20:31:16.539839    8984 dev.go:104] Listening on address (HTTP + gRPC): 127.0.0.1:50001\n"}}
[debug] [2026-03-18T15:01:16.597Z] <<< [apiv2][status] GET https://firebase.googleapis.com/v1beta1/projects 401
[debug] [2026-03-18T15:01:16.597Z] <<< [apiv2][body] GET https://firebase.googleapis.com/v1beta1/projects [omitted]
[debug] [2026-03-18T15:01:16.598Z] Got a 401 Unauthenticated error for a call that required authentication. Refreshing tokens.
[debug] [2026-03-18T15:01:16.599Z] Checked if tokens are valid: false, expires at: 1722746343543
[debug] [2026-03-18T15:01:16.599Z] Checked if tokens are valid: false, expires at: 1722746343543
[debug] [2026-03-18T15:01:16.600Z] > refreshing access token with scopes: []
[debug] [2026-03-18T15:01:16.601Z] >>> [apiv2][query] POST https://www.googleapis.com/oauth2/v3/token [none]
[debug] [2026-03-18T15:01:16.602Z] >>> [apiv2][body] POST https://www.googleapis.com/oauth2/v3/token [omitted]
[debug] [2026-03-18T15:01:16.704Z] <<< [apiv2][status] POST https://www.googleapis.com/oauth2/v3/token 400
[debug] [2026-03-18T15:01:16.705Z] <<< [apiv2][body] POST https://www.googleapis.com/oauth2/v3/token [omitted]
[debug] [2026-03-18T15:01:16.707Z] Request to https://firebase.googleapis.com/v1beta1/projects?pageSize=1000 had HTTP Error: 401, Request had invalid authentication credentials. Expected OAuth 2 access token, login cookie or other valid authentication credential. See https://developers.google.com/identity/sign-in/web/devconsole-project.
[error] [Firebase Plugin] error:  {}
[debug] [2026-03-18T15:01:26.375Z] E0318 20:31:26.376406    8984 watch.go:40] Failed to load config from "d:\\DEV\\Native\\scramble\\dataconnect": could not find dataconnect.yaml in `d:\DEV\Native\scramble\dataconnect`
 {"metadata":{"emulator":{"name":"dataconnect"},"message":"E0318 20:31:26.376406    8984 watch.go:40] Failed to load config from \"d:\\\\DEV\\\\Native\\\\scramble\\\\dataconnect\": could not find dataconnect.yaml in `d:\\DEV\\Native\\scramble\\dataconnect`\n"}}
[debug] [2026-03-18T15:01:36.374Z] E0318 20:31:36.375404    8984 watch.go:40] Failed to load config from "d:\\DEV\\Native\\scramble\\dataconnect": could not find dataconnect.yaml in `d:\DEV\Native\scramble\dataconnect`
 {"metadata":{"emulator":{"name":"dataconnect"},"message":"E0318 20:31:36.375404    8984 watch.go:40] Failed to load config from \"d:\\\\DEV\\\\Native\\\\scramble\\\\dataconnect\": could not find dataconnect.yaml in `d:\\DEV\\Native\\scramble\\dataconnect`\n"}}
[debug] [2026-03-18T15:01:46.374Z] E0318 20:31:46.375554    8984 watch.go:40] Failed to load config from "d:\\DEV\\Native\\scramble\\dataconnect": could not find dataconnect.yaml in `d:\DEV\Native\scramble\dataconnect`
 {"metadata":{"emulator":{"name":"dataconnect"},"message":"E0318 20:31:46.375554    8984 watch.go:40] Failed to load config from \"d:\\\\DEV\\\\Native\\\\scramble\\\\dataconnect\": could not find dataconnect.yaml in `d:\\DEV\\Native\\scramble\\dataconnect`\n"}}
[debug] [2026-03-18T15:01:56.375Z] E0318 20:31:56.375823    8984 watch.go:40] Failed to load config from "d:\\DEV\\Native\\scramble\\dataconnect": could not find dataconnect.yaml in `d:\DEV\Native\scramble\dataconnect`
 {"metadata":{"emulator":{"name":"dataconnect"},"message":"E0318 20:31:56.375823    8984 watch.go:40] Failed to load config from \"d:\\\\DEV\\\\Native\\\\scramble\\\\dataconnect\": could not find dataconnect.yaml in `d:\\DEV\\Native\\scramble\\dataconnect`\n"}}
[debug] [2026-03-18T15:02:06.375Z] E0318 20:32:06.376042    8984 watch.go:40] Failed to load config from "d:\\DEV\\Native\\scramble\\dataconnect": could not find dataconnect.yaml in `d:\DEV\Native\scramble\dataconnect`
 {"metadata":{"emulator":{"name":"dataconnect"},"message":"E0318 20:32:06.376042    8984 watch.go:40] Failed to load config from \"d:\\\\DEV\\\\Native\\\\scramble\\\\dataconnect\": could not find dataconnect.yaml in `d:\\DEV\\Native\\scramble\\dataconnect`\n"}}
[debug] [2026-03-18T15:02:16.374Z] E0318 20:32:16.375026    8984 watch.go:116] watchAllDir unable to walk dir `d:\DEV\Native\scramble\dataconnect`: CreateFile d:\DEV\Native\scramble\dataconnect: The system cannot find the file specified.
 {"metadata":{"emulator":{"name":"dataconnect"},"message":"E0318 20:32:16.375026    8984 watch.go:116] watchAllDir unable to walk dir `d:\\DEV\\Native\\scramble\\dataconnect`: CreateFile d:\\DEV\\Native\\scramble\\dataconnect: The system cannot find the file specified.\n"}}
[debug] [2026-03-18T15:02:16.376Z] E0318 20:32:16.376560    8984 watch.go:40] Failed to load config from "d:\\DEV\\Native\\scramble\\dataconnect": could not find dataconnect.yaml in `d:\DEV\Native\scramble\dataconnect`
 {"metadata":{"emulator":{"name":"dataconnect"},"message":"E0318 20:32:16.376560    8984 watch.go:40] Failed to load config from \"d:\\\\DEV\\\\Native\\\\scramble\\\\dataconnect\": could not find dataconnect.yaml in `d:\\DEV\\Native\\scramble\\dataconnect`\n"}}
[debug] [2026-03-18T15:02:26.376Z] E0318 20:32:26.375856    8984 watch.go:40] Failed to load config from "d:\\DEV\\Native\\scramble\\dataconnect": could not find dataconnect.yaml in `d:\DEV\Native\scramble\dataconnect`
 {"metadata":{"emulator":{"name":"dataconnect"},"message":"E0318 20:32:26.375856    8984 watch.go:40] Failed to load config from \"d:\\\\DEV\\\\Native\\\\scramble\\\\dataconnect\": could not find dataconnect.yaml in `d:\\DEV\\Native\\scramble\\dataconnect`\n"}}
[debug] [2026-03-18T15:02:36.376Z] E0318 20:32:36.376120    8984 watch.go:40] Failed to load config from "d:\\DEV\\Native\\scramble\\dataconnect": could not find dataconnect.yaml in `d:\DEV\Native\scramble\dataconnect`
 {"metadata":{"emulator":{"name":"dataconnect"},"message":"E0318 20:32:36.376120    8984 watch.go:40] Failed to load config from \"d:\\\\DEV\\\\Native\\\\scramble\\\\dataconnect\": could not find dataconnect.yaml in `d:\\DEV\\Native\\scramble\\dataconnect`\n"}}
[debug] [2026-03-18T15:02:46.376Z] E0318 20:32:46.375414    8984 watch.go:40] Failed to load config from "d:\\DEV\\Native\\scramble\\dataconnect": could not find dataconnect.yaml in `d:\DEV\Native\scramble\dataconnect`
 {"metadata":{"emulator":{"name":"dataconnect"},"message":"E0318 20:32:46.375414    8984 watch.go:40] Failed to load config from \"d:\\\\DEV\\\\Native\\\\scramble\\\\dataconnect\": could not find dataconnect.yaml in `d:\\DEV\\Native\\scramble\\dataconnect`\n"}}
[debug] [2026-03-18T15:02:56.376Z] E0318 20:32:56.376260    8984 watch.go:40] Failed to load config from "d:\\DEV\\Native\\scramble\\dataconnect": could not find dataconnect.yaml in `d:\DEV\Native\scramble\dataconnect`
 {"metadata":{"emulator":{"name":"dataconnect"},"message":"E0318 20:32:56.376260    8984 watch.go:40] Failed to load config from \"d:\\\\DEV\\\\Native\\\\scramble\\\\dataconnect\": could not find dataconnect.yaml in `d:\\DEV\\Native\\scramble\\dataconnect`\n"}}
[debug] [2026-03-18T15:03:06.376Z] E0318 20:33:06.375456    8984 watch.go:40] Failed to load config from "d:\\DEV\\Native\\scramble\\dataconnect": could not find dataconnect.yaml in `d:\DEV\Native\scramble\dataconnect`
 {"metadata":{"emulator":{"name":"dataconnect"},"message":"E0318 20:33:06.375456    8984 watch.go:40] Failed to load config from \"d:\\\\DEV\\\\Native\\\\scramble\\\\dataconnect\": could not find dataconnect.yaml in `d:\\DEV\\Native\\scramble\\dataconnect`\n"}}
[info] [Firebase Plugin] Stopping Data Connect toolkit
